
{
	gl.supports_vertex_array_object: true
	cocos2d.x.version: quick-cocos2d-x 3.3
	gl.vendor: NVIDIA Corporation
	gl.supports_PVRTC: false
	gl.renderer: NVIDIA GeForce GT 650M OpenGL Engine
	cocos2d.x.compiled_with_profiler: false
	gl.max_texture_size: 16384
	gl.supports_ETC1: false
	gl.supports_BGRA8888: false
	cocos2d.x.build_type: DEBUG
	gl.supports_discard_framebuffer: false
	gl.supports_NPOT: true
	gl.supports_S3TC: true
	gl.version: 2.1 NVIDIA-8.26.28 310.40.55b01
	gl.supports_ATITC: false
	gl.max_texture_units: 16
	cocos2d.x.compiled_with_gl_state_cache: true
}


Quick-Cocos2d-x C++ support ready.
------------------------------------------------
LOAD LUA FILE: /Users/sleepers/opensource_projects/v3quick/quick/samples/towerdefense/src/main.lua
------------------------------------------------
can not get file data of src/config.lua
can not get file data of src/cocos/init.lua
[LUA ERROR] [string "/Users/sleepers/opensource_projects/v3quick/quick/samples/towerdefense/src/main.lua"]:14: module 'cocos.init' not found:
	no field package.preload['cocos.init']
	no file './cocos/init.lua'
	no file '/usr/local/share/lua/5.1/cocos/init.lua'
	no file '/usr/local/share/lua/5.1/cocos/init/init.lua'
	no file '/usr/local/lib/lua/5.1/cocos/init.lua'
	no file '/usr/local/lib/lua/5.1/cocos/init/init.lua'
	no file '/Users/sleepers/opensource_projects/v3quick/quick/samples/towerdefense/src/cocos/init.lua'
	no file 'src/'
	no file './cocos/init.so'
	no file '/usr/local/lib/lua/5.1/cocos/init.so'
	no file '/usr/local/lib/lua/5.1/loadall.so'
	no file './cocos.so'
	no file '/usr/local/lib/lua/5.1/cocos.so'
	no file '/usr/local/lib/lua/5.1/loadall.so'
