libpng warning: iCCP: known incorrect sRGB profile
------------------------------------------------
LOAD LUA FILE: /Users/sleepers/opensource_projects/v3quick-classic/quick/samples/mvc/src/main.lua
------------------------------------------------
===========================================================
              LOAD QUICK FRAMEWORK
===========================================================
[INFO] 
[INFO] # DEBUG                        = 1
[INFO] #
[INFO] # device.platform              = mac
[INFO] # device.model                 = unknown
[INFO] # device.language              = cn
[INFO] # device.writablePath          = /Users/sleepers/opensource_projects/v3quick-classic/quick/samples/mvc/
[INFO] # device.directorySeparator    = /
[INFO] # device.pathSeparator         = :
[INFO] #
libpng warning: iCCP: known incorrect sRGB profile
[INFO] # CONFIG_SCREEN_AUTOSCALE      = FIXED_HEIGHT
[INFO] # CONFIG_SCREEN_WIDTH          = 960.00
[INFO] # CONFIG_SCREEN_HEIGHT         = 640.00
[INFO] # display.widthInPixels        = 960.00
[INFO] # display.heightInPixels       = 640.00
[INFO] # display.contentScaleFactor   = 1.00
[INFO] # display.width                = 960.00
[INFO] # display.height               = 640.00
[INFO] # display.cx                   = 480.00
[INFO] # display.cy                   = 320.00
[INFO] # display.left                 = 0.00
[INFO] # display.right                = 960.00
[INFO] # display.top                  = 640.00
[INFO] # display.bottom               = 0.00
[INFO] # display.c_left               = -480.00
[INFO] # display.c_right              = 480.00
[INFO] # display.c_top                = 320.00
[INFO] # display.c_bottom             = -320.00
[INFO] #
actor player:dualface state change from none to idle
actor player:dualface start
create player
actor enemy:lurenjia state change from none to idle
actor enemy:lurenjia start
----------
actor player:dualface state change from idle to firing
actor player:dualface fire
dump from: [string "/Users/sleepers/opensource_projects/v3quick-classic/quick/samples/mvc/src/app/controllers/PlayDuelController.lua"]:113: in function 'InterfaceTest'
- "proper:" = {
-     "hp"    = 100
-     "level" = 1
- }
id:player
valid id:true
actor player:dualface state change from firing to idle
actor player:dualface ready
actor enemy:lurenjia state change from none to idle
actor enemy:lurenjia start
---- EventProtocol:dumpAllEventListeners() ----
-- event: EXP_CHANGED_EVENT
--     listener: function: 0x1374b768, handle: 8
-- event: CHANGE_STATE_EVENT
--     listener: function: 0x1374b120, handle: 5
-- event: HP_CHANGED_EVENT
--     listener: function: 0x1374b650, handle: 7
-- event: KILL_EVENT
--     listener: function: 0x1374b228, handle: 6
----------
actor enemy:lurenjia state change from idle to firing
actor enemy:lurenjia fire
dump from: [string "/Users/sleepers/opensource_projects/v3quick-classic/quick/samples/mvc/src/app/controllers/PlayDuelController.lua"]:113: in function 'InterfaceTest'
- "proper:" = {
-     "hp"    = 100
-     "level" = 1
- }
id:player
valid id:true
actor enemy:lurenjia state change from firing to idle
actor enemy:lurenjia ready
