libpng warning: iCCP: known incorrect sRGB profile
------------------------------------------------
LOAD LUA FILE: /Users/sleepers/opensource_projects/v3quick-classic/quick/samples/statemachine/src/main.lua
------------------------------------------------
===========================================================
              LOAD QUICK FRAMEWORK
===========================================================
[INFO] 
[INFO] # DEBUG                        = 1
[INFO] #
[INFO] # device.platform              = mac
[INFO] # device.model                 = unknown
[INFO] # device.language              = cn
[INFO] # device.writablePath          = /Users/sleepers/opensource_projects/v3quick-classic/quick/samples/statemachine/
[INFO] # device.directorySeparator    = /
[INFO] # device.pathSeparator         = :
[INFO] #
libpng warning: iCCP: known incorrect sRGB profile
[INFO] # CONFIG_SCREEN_AUTOSCALE      = FIXED_WIDTH
[INFO] # CONFIG_SCREEN_WIDTH          = 640.00
[INFO] # CONFIG_SCREEN_HEIGHT         = 960.00
[INFO] # display.widthInPixels        = 640.00
[INFO] # display.heightInPixels       = 960.00
[INFO] # display.contentScaleFactor   = 1.00
[INFO] # display.width                = 640.00
[INFO] # display.height               = 960.00
[INFO] # display.cx                   = 320.00
[INFO] # display.cy                   = 480.00
[INFO] # display.left                 = 0.00
[INFO] # display.right                = 640.00
[INFO] # display.top                  = 960.00
[INFO] # display.bottom               = 0.00
[INFO] # display.c_left               = -320.00
[INFO] # display.c_right              = 320.00
[INFO] # display.c_top                = 480.00
[INFO] # display.c_bottom             = -480.00
[INFO] #
0: [FSM] STARTING UP
0: [FSM] ENTER   STATE: green
0: [FSM] CHANGED STATE: none to green
0: [FSM] READY

1: [FSM] START   EVENT: warn!
1: [FSM] LEAVE   STATE: green
1: [FSM] ENTER   STATE: yellow
1: [FSM] CHANGED STATE: green to yellow
1: [FSM] FINISH  EVENT: warn!

2: [FSM] START   EVENT: clear!
2: [FSM] LEAVE   STATE: yellow
2: [FSM] ENTER   STATE: green
2: [FSM] CHANGED STATE: yellow to green
2: [FSM] FINISH  EVENT: clear!

3: [FSM] START   EVENT: warn!
3: [FSM] LEAVE   STATE: green
3: [FSM] ENTER   STATE: yellow
3: [FSM] CHANGED STATE: green to yellow
3: [FSM] FINISH  EVENT: warn!

4: [FSM] START   EVENT: panic!
4: [FSM] LEAVE   STATE: yellow
4: [FSM] ENTER   STATE: red
4: [FSM] CHANGED STATE: yellow to red
4: [FSM] FINISH  EVENT: panic!
