libpng warning: iCCP: known incorrect sRGB profile
------------------------------------------------
LOAD LUA FILE: /Users/sleepers/opensource_projects/v3quick-classic/quick/samples/editbox/src/main.lua
------------------------------------------------
===========================================================
              LOAD QUICK FRAMEWORK
===========================================================
[INFO] 
[INFO] # DEBUG                        = 1
[INFO] #
[INFO] # device.platform              = mac
[INFO] # device.model                 = unknown
[INFO] # device.language              = cn
[INFO] # device.writablePath          = /Users/sleepers/opensource_projects/v3quick-classic/quick/samples/editbox/
[INFO] # device.directorySeparator    = /
[INFO] # device.pathSeparator         = :
[INFO] #
libpng warning: iCCP: known incorrect sRGB profile
[INFO] # CONFIG_SCREEN_AUTOSCALE      = FIXED_WIDTH
[INFO] # CONFIG_SCREEN_WIDTH          = 640.00
[INFO] # CONFIG_SCREEN_HEIGHT         = 960.00
[INFO] # display.widthInPixels        = 640.00
[INFO] # display.heightInPixels       = 960.00
[INFO] # display.contentScaleFactor   = 1.00
[INFO] # display.width                = 640.00
[INFO] # display.height               = 960.00
[INFO] # display.cx                   = 320.00
[INFO] # display.cy                   = 480.00
[INFO] # display.left                 = 0.00
[INFO] # display.right                = 640.00
[INFO] # display.top                  = 960.00
[INFO] # display.bottom               = 0.00
[INFO] # display.c_left               = -320.00
[INFO] # display.c_right              = 320.00
[INFO] # display.c_top                = 480.00
[INFO] # display.c_bottom             = -480.00
[INFO] #
[Edit text] content size = (400.000000, 96.000000)
editBox1 event changed : d
editBox1 event changed : df
editBox1 event changed : dfs
editBox1 event changed : dfsf
editBox1 event changed : dfsfs
editBox1 event changed : dfsfsd
editBox1 event changed : dfsfsdf
button pressed
button pressed
editBox1 event changed : dfsfsdfs
editBox1 event changed : dfsfsdfsd
editBox1 event changed : dfsfsdfsdf
editBox1 event changed : dfsfsdfsdfs
editBox1 event changed : dfsfsdfsdfsd
editBox1 event changed : dfsfsdfsdfsdf
editBox1 event changed : dfsfsdfsdfsdfs
editBox1 event changed : dfsfsdfsdfsdfsd
editBox1 event changed : dfsfsdfsdfsdfsdf
