libpng warning: iCCP: known incorrect sRGB profile
------------------------------------------------
LOAD LUA FILE: /Users/sleepers/opensource_projects/v3quick-classic/quick/samples/websockets/src/main.lua
------------------------------------------------
===========================================================
              LOAD QUICK FRAMEWORK
===========================================================
[INFO] 
[INFO] # DEBUG                        = 1
[INFO] #
[INFO] # device.platform              = mac
[INFO] # device.model                 = unknown
[INFO] # device.language              = cn
[INFO] # device.writablePath          = /Users/sleepers/opensource_projects/v3quick-classic/quick/samples/websockets/
[INFO] # device.directorySeparator    = /
[INFO] # device.pathSeparator         = :
[INFO] #
libpng warning: iCCP: known incorrect sRGB profile
[INFO] # CONFIG_SCREEN_AUTOSCALE      = FIXED_WIDTH
[INFO] # CONFIG_SCREEN_WIDTH          = 640.00
[INFO] # CONFIG_SCREEN_HEIGHT         = 960.00
[INFO] # display.widthInPixels        = 640.00
[INFO] # display.heightInPixels       = 960.00
[INFO] # display.contentScaleFactor   = 1.00
[INFO] # display.width                = 640.00
[INFO] # display.height               = 960.00
[INFO] # display.cx                   = 320.00
[INFO] # display.cy                   = 480.00
[INFO] # display.left                 = 0.00
[INFO] # display.right                = 640.00
[INFO] # display.top                  = 960.00
[INFO] # display.bottom               = 0.00
[INFO] # display.c_left               = -320.00
[INFO] # display.c_right              = 320.00
[INFO] # display.c_top                = 480.00
[INFO] # display.c_bottom             = -480.00
[INFO] #
----------------------------------------
LUA ERROR: [string "/Users/sleepers/opensource_projects/v3quick-classic/quick/samples/websockets/src/WebSockets.lua"]:15: attempt to index field 'WebSocket' (a nil value)


stack traceback:
	[string "/Users/sleepers/opensource_projects/v3quick-classic/quick/samples/websockets/src/WebSockets.lua"]:15: in function 'ctor'
	[string "framework/functions.lua"]:336: in function 'new'
	[string "/Users/sleepers/opensource_projects/v3quick-classic/quick/samples/websockets/src/scenes/MainScene.lua"]:68: in function 'onConnectClicked'
	[string "/Users/sleepers/opensource_projects/v3quick-classic/quick/samples/websockets/src/scenes/MainScene.lua"]:21: in function <[string "/Users/sleepers/opensource_projects/v3quick-classic/quick/samples/websockets/src/scenes/MainScene.lua"]:20>
	[string "framework/cc/components/behavior/EventProtocol.lua"]:59: in function 'dispatchEvent'
	[string "framework/cc/ui/UIPushButton.lua"]:124: in function <[string "framework/cc/ui/UIPushButton.lua"]:96>
----------------------------------------
not connected
not connected
not connected
not connected
not connected
not connected
----------------------------------------
LUA ERROR: [string "/Users/sleepers/opensource_projects/v3quick-classic/quick/samples/websockets/src/WebSockets.lua"]:15: attempt to index field 'WebSocket' (a nil value)


stack traceback:
	[string "/Users/sleepers/opensource_projects/v3quick-classic/quick/samples/websockets/src/WebSockets.lua"]:15: in function 'ctor'
	[string "framework/functions.lua"]:336: in function 'new'
	[string "/Users/sleepers/opensource_projects/v3quick-classic/quick/samples/websockets/src/scenes/MainScene.lua"]:68: in function 'onConnectClicked'
	[string "/Users/sleepers/opensource_projects/v3quick-classic/quick/samples/websockets/src/scenes/MainScene.lua"]:21: in function <[string "/Users/sleepers/opensource_projects/v3quick-classic/quick/samples/websockets/src/scenes/MainScene.lua"]:20>
	[string "framework/cc/components/behavior/EventProtocol.lua"]:59: in function 'dispatchEvent'
	[string "framework/cc/ui/UIPushButton.lua"]:124: in function <[string "framework/cc/ui/UIPushButton.lua"]:96>
----------------------------------------
----------------------------------------
LUA ERROR: [string "/Users/sleepers/opensource_projects/v3quick-classic/quick/samples/websockets/src/WebSockets.lua"]:15: attempt to index field 'WebSocket' (a nil value)


stack traceback:
	[string "/Users/sleepers/opensource_projects/v3quick-classic/quick/samples/websockets/src/WebSockets.lua"]:15: in function 'ctor'
	[string "framework/functions.lua"]:336: in function 'new'
	[string "/Users/sleepers/opensource_projects/v3quick-classic/quick/samples/websockets/src/scenes/MainScene.lua"]:68: in function 'onConnectClicked'
	[string "/Users/sleepers/opensource_projects/v3quick-classic/quick/samples/websockets/src/scenes/MainScene.lua"]:21: in function <[string "/Users/sleepers/opensource_projects/v3quick-classic/quick/samples/websockets/src/scenes/MainScene.lua"]:20>
	[string "framework/cc/components/behavior/EventProtocol.lua"]:59: in function 'dispatchEvent'
	[string "framework/cc/ui/UIPushButton.lua"]:124: in function <[string "framework/cc/ui/UIPushButton.lua"]:96>
----------------------------------------
----------------------------------------
LUA ERROR: [string "/Users/sleepers/opensource_projects/v3quick-classic/quick/samples/websockets/src/WebSockets.lua"]:15: attempt to index field 'WebSocket' (a nil value)


stack traceback:
	[string "/Users/sleepers/opensource_projects/v3quick-classic/quick/samples/websockets/src/WebSockets.lua"]:15: in function 'ctor'
	[string "framework/functions.lua"]:336: in function 'new'
	[string "/Users/sleepers/opensource_projects/v3quick-classic/quick/samples/websockets/src/scenes/MainScene.lua"]:68: in function 'onConnectClicked'
	[string "/Users/sleepers/opensource_projects/v3quick-classic/quick/samples/websockets/src/scenes/MainScene.lua"]:21: in function <[string "/Users/sleepers/opensource_projects/v3quick-classic/quick/samples/websockets/src/scenes/MainScene.lua"]:20>
	[string "framework/cc/components/behavior/EventProtocol.lua"]:59: in function 'dispatchEvent'
	[string "framework/cc/ui/UIPushButton.lua"]:124: in function <[string "framework/cc/ui/UIPushButton.lua"]:96>
----------------------------------------
