
{
	gl.supports_vertex_array_object: true
	cocos2d.x.version: quick-cocos2d-x 3.3
	gl.vendor: NVIDIA Corporation
	gl.supports_PVRTC: false
	gl.renderer: NVIDIA GeForce GT 650M OpenGL Engine
	cocos2d.x.compiled_with_profiler: false
	gl.max_texture_size: 16384
	gl.supports_ETC1: false
	gl.supports_BGRA8888: false
	cocos2d.x.build_type: DEBUG
	gl.supports_discard_framebuffer: false
	gl.supports_NPOT: true
	gl.supports_S3TC: true
	gl.version: 2.1 NVIDIA-8.26.28 310.40.55b01
	gl.supports_ATITC: false
	gl.max_texture_units: 16
	cocos2d.x.compiled_with_gl_state_cache: true
}


can not get file data of /usr/local/lib/lua/5.1/?/init.luacjson.lua
Quick-Cocos2d-x C++ support ready.
------------------------------------------------
LOAD LUA FILE: /Users/sleepers/opensource_projects/v3quick/quick/samples/armature/src/main.lua
------------------------------------------------
[LUA-print] ===========================================================
[LUA-print]               LOAD QUICK FRAMEWORK
[LUA-print] ===========================================================
[LUA-print] [INFO] 
[LUA-print] [INFO] # DEBUG                        = 1
[LUA-print] [INFO] #
[LUA-print] [INFO] # device.platform              = mac
[LUA-print] [INFO] # device.model                 = unknown
[LUA-print] [INFO] # device.language              = cn
[LUA-print] [INFO] # device.writablePath          = /Users/sleepers/opensource_projects/v3quick/quick/samples/armature/
[LUA-print] [INFO] # device.directorySeparator    = /
[LUA-print] [INFO] # device.pathSeparator         = :
[LUA-print] [INFO] #
libpng warning: iCCP: known incorrect sRGB profile
[LUA-print] [INFO] # CONFIG_SCREEN_AUTOSCALE      = FIXED_HEIGHT
[LUA-print] [INFO] # CONFIG_SCREEN_WIDTH          = 960.00
[LUA-print] [INFO] # CONFIG_SCREEN_HEIGHT         = 640.00
[LUA-print] [INFO] # display.widthInPixels        = 960.00
[LUA-print] [INFO] # display.heightInPixels       = 640.00
[LUA-print] [INFO] # display.contentScaleFactor   = 1.00
[LUA-print] [INFO] # display.width                = 960.00
[LUA-print] [INFO] # display.height               = 640.00
[LUA-print] [INFO] # display.cx                   = 480.00
[LUA-print] [INFO] # display.cy                   = 320.00
[LUA-print] [INFO] # display.left                 = 0.00
[LUA-print] [INFO] # display.right                = 960.00
[LUA-print] [INFO] # display.top                  = 640.00
[LUA-print] [INFO] # display.bottom               = 0.00
[LUA-print] [INFO] # display.c_left               = -480.00
[LUA-print] [INFO] # display.c_right              = 480.00
[LUA-print] [INFO] # display.c_top                = 320.00
[LUA-print] [INFO] # display.c_bottom             = -320.00
[LUA-print] [INFO] #
[LUA ERROR] [string "framework/cocos2dx/NodeEx.lua"]:150: attempt to call method 'addNodeEventListener' (a nil value)
[LUA-print] ----------------------------------------
[LUA-print] LUA ERROR: [string "/Users/sleepers/opensource_projects/v3quick/quick/welcome/src/player.lua"]:231: attempt to index upvalue 'cjson' (a nil value)

[LUA-print] 
stack traceback:
	[string "/Users/sleepers/opensource_projects/v3quick/quick/welcome/src/player.lua"]:231: in function <[string "/Users/sleepers/opensource_projects/v3quick/quick/welcome/src/player.lua"]:230>
[LUA-print] ----------------------------------------
[LUA-print] ----------------------------------------
[LUA-print] LUA ERROR: [string "/Users/sleepers/opensource_projects/v3quick/quick/welcome/src/player.lua"]:231: attempt to index upvalue 'cjson' (a nil value)

[LUA-print] 
stack traceback:
	[string "/Users/sleepers/opensource_projects/v3quick/quick/welcome/src/player.lua"]:231: in function <[string "/Users/sleepers/opensource_projects/v3quick/quick/welcome/src/player.lua"]:230>
[LUA-print] ----------------------------------------
