libpng warning: iCCP: known incorrect sRGB profile
------------------------------------------------
LOAD LUA FILE: /Users/sleepers/opensource_projects/v3quick-classic/quick/samples/physics/src/main.lua
------------------------------------------------
===========================================================
              LOAD QUICK FRAMEWORK
===========================================================
[INFO] 
[INFO] # DEBUG                        = 1
[INFO] #
[INFO] # device.platform              = mac
[INFO] # device.model                 = unknown
[INFO] # device.language              = cn
[INFO] # device.writablePath          = /Users/sleepers/opensource_projects/v3quick-classic/quick/samples/physics/
[INFO] # device.directorySeparator    = /
[INFO] # device.pathSeparator         = :
[INFO] #
libpng warning: iCCP: known incorrect sRGB profile
[INFO] # CONFIG_SCREEN_AUTOSCALE      = FIXED_HEIGHT
[INFO] # CONFIG_SCREEN_WIDTH          = 640.00
[INFO] # CONFIG_SCREEN_HEIGHT         = 960.00
[INFO] # display.widthInPixels        = 640.00
[INFO] # display.heightInPixels       = 960.00
[INFO] # display.contentScaleFactor   = 1.00
[INFO] # display.width                = 640.00
[INFO] # display.height               = 960.00
[INFO] # display.cx                   = 320.00
[INFO] # display.cy                   = 480.00
[INFO] # display.left                 = 0.00
[INFO] # display.right                = 640.00
[INFO] # display.top                  = 960.00
[INFO] # display.bottom               = 0.00
[INFO] # display.c_left               = -320.00
[INFO] # display.c_right              = 320.00
[INFO] # display.c_top                = 480.00
[INFO] # display.c_bottom             = -480.00
[INFO] #
Initializing cpSpace - Chipmunk v6.2.1 (Debug Enabled)
Compile with -DNDEBUG defined to disable debug mode and runtime assertion checks
libpng warning: iCCP: known incorrect sRGB profile
