libpng warning: iCCP: known incorrect sRGB profile
------------------------------------------------
LOAD LUA FILE: /Users/sleepers/opensource_projects/v3quick-classic/quick/welcome/src/main.lua
------------------------------------------------
cocos2d: fullPathForFilename: No file found at app/WelcomeApp.luac. Possible missing file.
cocos2d: fullPathForFilename: No file found at app/WelcomeApp.lua. Possible missing file.
cocos2d: fullPathForFilename: No file found at config.luac. Possible missing file.
cocos2d: fullPathForFilename: No file found at config.lua. Possible missing file.
cocos2d: fullPathForFilename: No file found at framework/init.luac. Possible missing file.
===========================================================
              LOAD QUICK FRAMEWORK
===========================================================
cocos2d: fullPathForFilename: No file found at framework/debug.luac. Possible missing file.
cocos2d: fullPathForFilename: No file found at framework/functions.luac. Possible missing file.
cocos2d: fullPathForFilename: No file found at framework/cocos2dx.luac. Possible missing file.
cocos2d: fullPathForFilename: No file found at framework/cocos2dx/Cocos2dConstants.luac. Possible missing file.
cocos2d: fullPathForFilename: No file found at framework/cocos2dx/OpenglConstants.luac. Possible missing file.
cocos2d: fullPathForFilename: No file found at framework/cocos2dx/Cocos2d.luac. Possible missing file.
cocos2d: fullPathForFilename: No file found at framework/cocos2dx/StudioConstants.luac. Possible missing file.
cocos2d: fullPathForFilename: No file found at framework/cocos2dx/Event.luac. Possible missing file.
cocos2d: fullPathForFilename: No file found at framework/cocos2dx/ActionEx.luac. Possible missing file.
cocos2d: fullPathForFilename: No file found at framework/cocos2dx/NodeEx.luac. Possible missing file.
cocos2d: fullPathForFilename: No file found at framework/cocos2dx/SceneEx.luac. Possible missing file.
cocos2d: fullPathForFilename: No file found at framework/cocos2dx/SpriteEx.luac. Possible missing file.
cocos2d: fullPathForFilename: No file found at framework/cocos2dx/DrawNodeEx.luac. Possible missing file.
[INFO] 
[INFO] # DEBUG                        = 1
[INFO] #
cocos2d: fullPathForFilename: No file found at framework/device.luac. Possible missing file.
[INFO] # device.platform              = mac
[INFO] # device.model                 = unknown
[INFO] # device.language              = cn
[INFO] # device.writablePath          = /Users/sleepers/opensource_projects/v3quick-classic/quick/welcome/
[INFO] # device.directorySeparator    = /
[INFO] # device.pathSeparator         = :
[INFO] #
cocos2d: fullPathForFilename: No file found at framework/transition.luac. Possible missing file.
cocos2d: fullPathForFilename: No file found at framework/display.luac. Possible missing file.
libpng warning: iCCP: known incorrect sRGB profile
[INFO] # CONFIG_SCREEN_AUTOSCALE      = FILL_ALL
[INFO] # CONFIG_SCREEN_WIDTH          = 640.00
[INFO] # CONFIG_SCREEN_HEIGHT         = 1136.00
[INFO] # display.widthInPixels        = 640.00
[INFO] # display.heightInPixels       = 1136.00
[INFO] # display.contentScaleFactor   = 1.00
[INFO] # display.width                = 640.00
[INFO] # display.height               = 1136.00
[INFO] # display.cx                   = 320.00
[INFO] # display.cy                   = 568.00
[INFO] # display.left                 = 0.00
[INFO] # display.right                = 640.00
[INFO] # display.top                  = 1136.00
[INFO] # display.bottom               = 0.00
[INFO] # display.c_left               = -320.00
[INFO] # display.c_right              = 320.00
[INFO] # display.c_top                = 568.00
[INFO] # display.c_bottom             = -568.00
[INFO] #
cocos2d: fullPathForFilename: No file found at framework/filter.luac. Possible missing file.
cocos2d: fullPathForFilename: No file found at framework/audio.luac. Possible missing file.
cocos2d: fullPathForFilename: No file found at framework/network.luac. Possible missing file.
cocos2d: fullPathForFilename: No file found at framework/crypto.luac. Possible missing file.
cocos2d: fullPathForFilename: No file found at framework/json.luac. Possible missing file.
cocos2d: fullPathForFilename: No file found at framework/platform/mac.luac. Possible missing file.
cocos2d: fullPathForFilename: No file found at framework/cc/init.luac. Possible missing file.
cocos2d: fullPathForFilename: No file found at framework/cc/Registry.luac. Possible missing file.
cocos2d: fullPathForFilename: No file found at framework/cc/GameObject.luac. Possible missing file.
cocos2d: fullPathForFilename: No file found at framework/cc/EventProxy.luac. Possible missing file.
cocos2d: fullPathForFilename: No file found at framework/cc/components/Component.luac. Possible missing file.
cocos2d: fullPathForFilename: No file found at framework/cc/components/behavior/StateMachine.luac. Possible missing file.
cocos2d: fullPathForFilename: No file found at framework/cc/components/behavior/EventProtocol.luac. Possible missing file.
cocos2d: fullPathForFilename: No file found at framework/cc/components/ui/BasicLayoutProtocol.luac. Possible missing file.
cocos2d: fullPathForFilename: No file found at framework/cc/components/ui/LayoutProtocol.luac. Possible missing file.
cocos2d: fullPathForFilename: No file found at framework/cc/components/ui/DraggableProtocol.luac. Possible missing file.
cocos2d: fullPathForFilename: No file found at framework/cc/mvc/init.luac. Possible missing file.
cocos2d: fullPathForFilename: No file found at framework/cc/mvc/AppBase.luac. Possible missing file.
cocos2d: fullPathForFilename: No file found at framework/cc/mvc/ModelBase.luac. Possible missing file.
cocos2d: fullPathForFilename: No file found at framework/cc/ui/init.luac. Possible missing file.
cocos2d: fullPathForFilename: No file found at framework/cc/ui/UIGroup.luac. Possible missing file.
cocos2d: fullPathForFilename: No file found at framework/cc/ui/UIBoxLayout.luac. Possible missing file.
cocos2d: fullPathForFilename: No file found at framework/cc/ui/UILayout.luac. Possible missing file.
cocos2d: fullPathForFilename: No file found at framework/cc/ui/UIStretch.luac. Possible missing file.
cocos2d: fullPathForFilename: No file found at framework/cc/ui/UIImage.luac. Possible missing file.
cocos2d: fullPathForFilename: No file found at framework/cc/ui/UIPushButton.luac. Possible missing file.
cocos2d: fullPathForFilename: No file found at framework/cc/ui/UIButton.luac. Possible missing file.
cocos2d: fullPathForFilename: No file found at framework/cc/ui/UICheckBoxButton.luac. Possible missing file.
cocos2d: fullPathForFilename: No file found at framework/cc/ui/UICheckBoxButtonGroup.luac. Possible missing file.
cocos2d: fullPathForFilename: No file found at framework/cc/ui/UIInput.luac. Possible missing file.
cocos2d: fullPathForFilename: No file found at framework/cc/ui/UILabel.luac. Possible missing file.
cocos2d: fullPathForFilename: No file found at framework/cc/ui/UISlider.luac. Possible missing file.
cocos2d: fullPathForFilename: No file found at framework/cc/ui/UIScrollView.luac. Possible missing file.
cocos2d: fullPathForFilename: No file found at framework/cc/ui/UIListView.luac. Possible missing file.
cocos2d: fullPathForFilename: No file found at framework/cc/ui/UIListViewItem.luac. Possible missing file.
cocos2d: fullPathForFilename: No file found at framework/cc/ui/UIPageView.luac. Possible missing file.
cocos2d: fullPathForFilename: No file found at framework/cc/ui/UIPageViewItem.luac. Possible missing file.
cocos2d: fullPathForFilename: No file found at framework/cc/ui/UILoadingBar.luac. Possible missing file.
cocos2d: fullPathForFilename: No file found at framework/cc/uiloader/init.luac. Possible missing file.
cocos2d: fullPathForFilename: No file found at framework/cc/uiloader/uiloader.luac. Possible missing file.
cocos2d: fullPathForFilename: No file found at framework/cc/uiloader/UILoaderUtilitys.luac. Possible missing file.
cocos2d: fullPathForFilename: No file found at framework/cc/uiloader/CCSUILoader.luac. Possible missing file.
cocos2d: fullPathForFilename: No file found at framework/cc/uiloader/CCSUILoader2.luac. Possible missing file.
cocos2d: fullPathForFilename: No file found at framework/cc/uiloader/CCSSceneLoader.luac. Possible missing file.
cocos2d: fullPathForFilename: No file found at framework/shortcodes.luac. Possible missing file.
cocos2d: fullPathForFilename: No file found at app/scenes/WelcomeScene.luac. Possible missing file.
cocos2d: fullPathForFilename: No file found at app/scenes/WelcomeScene.lua. Possible missing file.
cocos2d: fullPathForFilename: No file found at framework/scheduler.luac. Possible missing file.
cocos2d: fullPathForFilename: No file found at Arial. Possible missing file.
cocos2d: fullPathForFilename: No file found at Arial. Possible missing file.
cocos2d: fullPathForFilename: No file found at app/scenes/ListViewEx.luac. Possible missing file.
cocos2d: fullPathForFilename: No file found at app/scenes/ListViewEx.lua. Possible missing file.
[LUA ERROR] [string "framework/display.lua"]:743: attempt to index global 'ccui' (a nil value)
